build/app/intermediates/manifest_merge_blame_file/release/manifest-merger-blame-release-report.txt
1<?xml version="1.0" encoding="utf-8"?>
2<manifest xmlns:android="http://schemas.android.com/apk/res/android"
3    package="com.example.alama_eorder_app"
4    android:versionCode="1"
5    android:versionName="1.0.7" >
6
7    <uses-sdk
8        android:minSdkVersion="21"
8-->src/main/AndroidManifest.xml
9        android:targetSdkVersion="33" />
9-->src/main/AndroidManifest.xml
10
11    <uses-permission android:name="android.permission.INTERNET" />
11-->[com.razorpay:checkout:1.6.36] AndroidManifest.xml:8:5-67
11-->[com.razorpay:checkout:1.6.36] AndroidManifest.xml:8:22-64
12
13    <queries>
13-->[com.razorpay:checkout:1.6.36] AndroidManifest.xml:10:5-39:15
14        <intent>
14-->[com.razorpay:checkout:1.6.36] AndroidManifest.xml:11:9-17:18
15            <action android:name="android.intent.action.VIEW" />
15-->[com.razorpay:checkout:1.6.36] AndroidManifest.xml:12:13-65
15-->[com.razorpay:checkout:1.6.36] AndroidManifest.xml:12:21-62
16
17            <data
17-->[com.razorpay:checkout:1.6.36] AndroidManifest.xml:14:13-16:38
18                android:mimeType="*/*"
18-->[com.razorpay:checkout:1.6.36] AndroidManifest.xml:15:17-39
19                android:scheme="*" />
19-->[com.razorpay:checkout:1.6.36] AndroidManifest.xml:16:17-35
20        </intent>
21        <intent>
21-->[com.razorpay:checkout:1.6.36] AndroidManifest.xml:18:9-27:18
22            <action android:name="android.intent.action.VIEW" />
22-->[com.razorpay:checkout:1.6.36] AndroidManifest.xml:12:13-65
22-->[com.razorpay:checkout:1.6.36] AndroidManifest.xml:12:21-62
23
24            <category android:name="android.intent.category.BROWSABLE" />
24-->[com.razorpay:checkout:1.6.36] AndroidManifest.xml:21:13-74
24-->[com.razorpay:checkout:1.6.36] AndroidManifest.xml:21:23-71
25
26            <data
26-->[com.razorpay:checkout:1.6.36] AndroidManifest.xml:14:13-16:38
27                android:host="pay"
28                android:mimeType="*/*"
28-->[com.razorpay:checkout:1.6.36] AndroidManifest.xml:15:17-39
29                android:scheme="upi" />
29-->[com.razorpay:checkout:1.6.36] AndroidManifest.xml:16:17-35
30        </intent>
31        <intent>
31-->[com.razorpay:checkout:1.6.36] AndroidManifest.xml:28:9-30:18
32            <action android:name="android.intent.action.MAIN" />
32-->src/main/AndroidManifest.xml:24:17-68
32-->src/main/AndroidManifest.xml:24:25-66
33        </intent>
34        <intent>
34-->[com.razorpay:checkout:1.6.36] AndroidManifest.xml:31:9-35:18
35            <action android:name="android.intent.action.SEND" />
35-->[com.razorpay:checkout:1.6.36] AndroidManifest.xml:32:13-65
35-->[com.razorpay:checkout:1.6.36] AndroidManifest.xml:32:21-62
36
37            <data android:mimeType="*/*" />
37-->[com.razorpay:checkout:1.6.36] AndroidManifest.xml:14:13-16:38
37-->[com.razorpay:checkout:1.6.36] AndroidManifest.xml:15:17-39
38        </intent>
39        <intent>
39-->[com.razorpay:checkout:1.6.36] AndroidManifest.xml:36:9-38:18
40            <action android:name="rzp.device_token.share" />
40-->[com.razorpay:checkout:1.6.36] AndroidManifest.xml:37:13-61
40-->[com.razorpay:checkout:1.6.36] AndroidManifest.xml:37:21-58
41        </intent>
42    </queries> <!-- Include required permissions for Google Maps API to run. -->
43    <uses-permission android:name="android.permission.ACCESS_NETWORK_STATE" />
43-->[com.google.android.gms:play-services-maps:17.0.0] AndroidManifest.xml:23:5-79
43-->[com.google.android.gms:play-services-maps:17.0.0] AndroidManifest.xml:23:22-76
44
45    <uses-feature
45-->[com.google.android.gms:play-services-maps:17.0.0] AndroidManifest.xml:26:5-28:35
46        android:glEsVersion="0x00020000"
46-->[com.google.android.gms:play-services-maps:17.0.0] AndroidManifest.xml:27:9-41
47        android:required="true" />
47-->[com.google.android.gms:play-services-maps:17.0.0] AndroidManifest.xml:28:9-32
48
49    <permission
49-->[androidx.core:core:1.9.0] AndroidManifest.xml:22:5-24:47
50        android:name="com.example.alama_eorder_app.DYNAMIC_RECEIVER_NOT_EXPORTED_PERMISSION"
50-->[androidx.core:core:1.9.0] AndroidManifest.xml:23:9-81
51        android:protectionLevel="signature" />
51-->[androidx.core:core:1.9.0] AndroidManifest.xml:24:9-44
52
53    <uses-permission android:name="com.example.alama_eorder_app.DYNAMIC_RECEIVER_NOT_EXPORTED_PERMISSION" />
53-->[androidx.core:core:1.9.0] AndroidManifest.xml:26:5-97
53-->[androidx.core:core:1.9.0] AndroidManifest.xml:26:22-94
54
55    <application
56        android:name="android.app.Application"
56-->src/main/AndroidManifest.xml:5:9-42
57        android:appComponentFactory="androidx.core.app.CoreComponentFactory"
57-->[androidx.core:core:1.9.0] AndroidManifest.xml:28:18-86
58        android:icon="@mipmap/ic_launcher"
58-->src/main/AndroidManifest.xml:6:9-43
59        android:label="alama eorder" >
59-->src/main/AndroidManifest.xml:4:9-37
60        <activity
60-->src/main/AndroidManifest.xml:7:9-27:20
61            android:name="com.example.alama_eorder_app.MainActivity"
61-->src/main/AndroidManifest.xml:8:13-41
62            android:configChanges="orientation|keyboardHidden|keyboard|screenSize|smallestScreenSize|locale|layoutDirection|fontScale|screenLayout|density|uiMode"
62-->src/main/AndroidManifest.xml:12:13-163
63            android:exported="true"
63-->src/main/AndroidManifest.xml:9:13-36
64            android:hardwareAccelerated="true"
64-->src/main/AndroidManifest.xml:13:13-47
65            android:launchMode="singleTop"
65-->src/main/AndroidManifest.xml:10:13-43
66            android:theme="@style/LaunchTheme"
66-->src/main/AndroidManifest.xml:11:13-47
67            android:windowSoftInputMode="adjustResize" >
67-->src/main/AndroidManifest.xml:14:13-55
68
69            <!--
70                 Specifies an Android theme to apply to this Activity as soon as
71                 the Android process has started. This theme is visible to the user
72                 while the Flutter UI initializes. After that, this theme continues
73                 to determine the Window background behind the Flutter UI.
74            -->
75            <meta-data
75-->src/main/AndroidManifest.xml:19:13-22:17
76                android:name="io.flutter.embedding.android.NormalTheme"
76-->src/main/AndroidManifest.xml:20:15-70
77                android:resource="@style/NormalTheme" />
77-->src/main/AndroidManifest.xml:21:15-52
78
79            <intent-filter>
79-->src/main/AndroidManifest.xml:23:13-26:29
80                <action android:name="android.intent.action.MAIN" />
80-->src/main/AndroidManifest.xml:24:17-68
80-->src/main/AndroidManifest.xml:24:25-66
81
82                <category android:name="android.intent.category.LAUNCHER" />
82-->src/main/AndroidManifest.xml:25:17-76
82-->src/main/AndroidManifest.xml:25:27-74
83            </intent-filter>
84        </activity>
85        <!--
86             Don't delete the meta-data below.
87             This is used by the Flutter tool to generate GeneratedPluginRegistrant.java
88        -->
89        <meta-data
89-->src/main/AndroidManifest.xml:30:9-32:33
90            android:name="flutterEmbedding"
90-->src/main/AndroidManifest.xml:31:13-44
91            android:value="2" />
91-->src/main/AndroidManifest.xml:32:13-30
92
93        <provider
93-->[:open_file] AndroidManifest.xml:11:9-20:20
94            android:name="com.crazecoder.openfile.FileProvider"
94-->[:open_file] AndroidManifest.xml:12:13-64
95            android:authorities="com.example.alama_eorder_app.fileProvider.com.crazecoder.openfile"
95-->[:open_file] AndroidManifest.xml:13:13-88
96            android:exported="false"
96-->[:open_file] AndroidManifest.xml:14:13-37
97            android:grantUriPermissions="true" >
97-->[:open_file] AndroidManifest.xml:15:13-47
98            <meta-data
98-->[:open_file] AndroidManifest.xml:17:13-19:53
99                android:name="android.support.FILE_PROVIDER_PATHS"
99-->[:open_file] AndroidManifest.xml:18:17-67
100                android:resource="@xml/filepaths" />
100-->[:open_file] AndroidManifest.xml:19:17-50
101        </provider>
102
103        <receiver
103-->[com.razorpay:checkout:1.6.36] AndroidManifest.xml:42:9-49:20
104            android:name="com.razorpay.RzpTokenReceiver"
104-->[com.razorpay:checkout:1.6.36] AndroidManifest.xml:43:13-57
105            android:exported="true" >
105-->[com.razorpay:checkout:1.6.36] AndroidManifest.xml:44:13-36
106            <intent-filter>
106-->[com.razorpay:checkout:1.6.36] AndroidManifest.xml:46:13-48:29
107                <action android:name="rzp.device_token.share" />
107-->[com.razorpay:checkout:1.6.36] AndroidManifest.xml:37:13-61
107-->[com.razorpay:checkout:1.6.36] AndroidManifest.xml:37:21-58
108            </intent-filter>
109        </receiver>
110
111        <activity
111-->[com.razorpay:checkout:1.6.36] AndroidManifest.xml:51:9-59:20
112            android:name="com.razorpay.CheckoutActivity"
112-->[com.razorpay:checkout:1.6.36] AndroidManifest.xml:52:13-57
113            android:configChanges="keyboard|keyboardHidden|orientation|screenSize"
113-->[com.razorpay:checkout:1.6.36] AndroidManifest.xml:53:13-83
114            android:exported="false"
114-->[com.razorpay:checkout:1.6.36] AndroidManifest.xml:54:13-37
115            android:theme="@style/CheckoutTheme" >
115-->[com.razorpay:checkout:1.6.36] AndroidManifest.xml:55:13-49
116            <intent-filter>
116-->[com.razorpay:checkout:1.6.36] AndroidManifest.xml:56:13-58:29
117                <action android:name="android.intent.action.MAIN" />
117-->src/main/AndroidManifest.xml:24:17-68
117-->src/main/AndroidManifest.xml:24:25-66
118            </intent-filter>
119        </activity>
120
121        <meta-data
121-->[com.razorpay:checkout:1.6.36] AndroidManifest.xml:61:9-63:58
122            android:name="com.razorpay.plugin.googlepay_all"
122-->[com.razorpay:checkout:1.6.36] AndroidManifest.xml:62:13-61
123            android:value="com.razorpay.RzpGpayMerged" />
123-->[com.razorpay:checkout:1.6.36] AndroidManifest.xml:63:13-55
124
125        <uses-library
125-->[androidx.window:window:1.0.0-beta04] AndroidManifest.xml:25:9-27:40
126            android:name="androidx.window.extensions"
126-->[androidx.window:window:1.0.0-beta04] AndroidManifest.xml:26:13-54
127            android:required="false" />
127-->[androidx.window:window:1.0.0-beta04] AndroidManifest.xml:27:13-37
128        <uses-library
128-->[androidx.window:window:1.0.0-beta04] AndroidManifest.xml:28:9-30:40
129            android:name="androidx.window.sidecar"
129-->[androidx.window:window:1.0.0-beta04] AndroidManifest.xml:29:13-51
130            android:required="false" />
130-->[androidx.window:window:1.0.0-beta04] AndroidManifest.xml:30:13-37
131
132        <activity
132-->[com.google.android.gms:play-services-auth:17.0.0] AndroidManifest.xml:23:9-27:75
133            android:name="com.google.android.gms.auth.api.signin.internal.SignInHubActivity"
133-->[com.google.android.gms:play-services-auth:17.0.0] AndroidManifest.xml:24:13-93
134            android:excludeFromRecents="true"
134-->[com.google.android.gms:play-services-auth:17.0.0] AndroidManifest.xml:25:13-46
135            android:exported="false"
135-->[com.google.android.gms:play-services-auth:17.0.0] AndroidManifest.xml:26:13-37
136            android:theme="@android:style/Theme.Translucent.NoTitleBar" />
136-->[com.google.android.gms:play-services-auth:17.0.0] AndroidManifest.xml:27:13-72
137        <!--
138            Service handling Google Sign-In user revocation. For apps that do not integrate with
139            Google Sign-In, this service will never be started.
140        -->
141        <service
141-->[com.google.android.gms:play-services-auth:17.0.0] AndroidManifest.xml:33:9-36:110
142            android:name="com.google.android.gms.auth.api.signin.RevocationBoundService"
142-->[com.google.android.gms:play-services-auth:17.0.0] AndroidManifest.xml:34:13-89
143            android:exported="true"
143-->[com.google.android.gms:play-services-auth:17.0.0] AndroidManifest.xml:35:13-36
144            android:permission="com.google.android.gms.auth.api.signin.permission.REVOCATION_NOTIFICATION" /> <!-- Needs to be explicitly declared on P+ -->
144-->[com.google.android.gms:play-services-auth:17.0.0] AndroidManifest.xml:36:13-107
145        <uses-library
145-->[com.google.android.gms:play-services-maps:17.0.0] AndroidManifest.xml:33:9-35:40
146            android:name="org.apache.http.legacy"
146-->[com.google.android.gms:play-services-maps:17.0.0] AndroidManifest.xml:34:13-50
147            android:required="false" />
147-->[com.google.android.gms:play-services-maps:17.0.0] AndroidManifest.xml:35:13-37
148
149        <activity
149-->[com.google.android.gms:play-services-base:17.5.0] AndroidManifest.xml:23:9-26:75
150            android:name="com.google.android.gms.common.api.GoogleApiActivity"
150-->[com.google.android.gms:play-services-base:17.5.0] AndroidManifest.xml:24:13-79
151            android:exported="false"
151-->[com.google.android.gms:play-services-base:17.5.0] AndroidManifest.xml:25:13-37
152            android:theme="@android:style/Theme.Translucent.NoTitleBar" />
152-->[com.google.android.gms:play-services-base:17.5.0] AndroidManifest.xml:26:13-72
153
154        <meta-data
154-->[com.google.android.gms:play-services-basement:17.6.0] AndroidManifest.xml:23:9-25:69
155            android:name="com.google.android.gms.version"
155-->[com.google.android.gms:play-services-basement:17.6.0] AndroidManifest.xml:24:13-58
156            android:value="@integer/google_play_services_version" />
156-->[com.google.android.gms:play-services-basement:17.6.0] AndroidManifest.xml:25:13-66
157
158        <provider
158-->[androidx.emoji2:emoji2:1.2.0] AndroidManifest.xml:24:9-32:20
159            android:name="androidx.startup.InitializationProvider"
159-->[androidx.emoji2:emoji2:1.2.0] AndroidManifest.xml:25:13-67
160            android:authorities="com.example.alama_eorder_app.androidx-startup"
160-->[androidx.emoji2:emoji2:1.2.0] AndroidManifest.xml:26:13-68
161            android:exported="false" >
161-->[androidx.emoji2:emoji2:1.2.0] AndroidManifest.xml:27:13-37
162            <meta-data
162-->[androidx.emoji2:emoji2:1.2.0] AndroidManifest.xml:29:13-31:52
163                android:name="androidx.emoji2.text.EmojiCompatInitializer"
163-->[androidx.emoji2:emoji2:1.2.0] AndroidManifest.xml:30:17-75
164                android:value="androidx.startup" />
164-->[androidx.emoji2:emoji2:1.2.0] AndroidManifest.xml:31:17-49
165            <meta-data
165-->[androidx.lifecycle:lifecycle-process:2.4.1] AndroidManifest.xml:31:13-33:52
166                android:name="androidx.lifecycle.ProcessLifecycleInitializer"
166-->[androidx.lifecycle:lifecycle-process:2.4.1] AndroidManifest.xml:32:17-78
167                android:value="androidx.startup" />
167-->[androidx.lifecycle:lifecycle-process:2.4.1] AndroidManifest.xml:33:17-49
168        </provider>
169    </application>
170
171</manifest>